<?xml version="1.0" encoding="UTF-8" ?>
<testsuite errors="0" failures="0" hostname="diego-acer" name="test.AlgorithmTest" skipped="0" tests="9" time="16.65" timestamp="2014-10-31T07:38:51">
  <properties>
    <property name="env.DESKTOP_SESSION" value="ubuntu" />
    <property name="env.OLDPWD" value="/home/diego" />
    <property name="file.encoding.pkg" value="sun.io" />
    <property name="env.SELINUX_INIT" value="YES" />
    <property name="java.home" value="/usr/lib/jvm/jdk1.6.0_45/jre" />
    <property name="env.GDM_LANG" value="es_AR" />
    <property name="env.DISPLAY" value=":0" />
    <property name="env.LS_COLORS" value="rs=0:di=01;34:ln=01;36:mh=00:pi=40;33:so=01;35:do=01;35:bd=40;33;01:cd=40;33;01:or=40;31;01:su=37;41:sg=30;43:ca=30;41:tw=30;42:ow=34;42:st=37;44:ex=01;32:*.tar=01;31:*.tgz=01;31:*.arj=01;31:*.taz=01;31:*.lzh=01;31:*.lzma=01;31:*.tlz=01;31:*.txz=01;31:*.zip=01;31:*.z=01;31:*.Z=01;31:*.dz=01;31:*.gz=01;31:*.lz=01;31:*.xz=01;31:*.bz2=01;31:*.bz=01;31:*.tbz=01;31:*.tbz2=01;31:*.tz=01;31:*.deb=01;31:*.rpm=01;31:*.jar=01;31:*.war=01;31:*.ear=01;31:*.sar=01;31:*.rar=01;31:*.ace=01;31:*.zoo=01;31:*.cpio=01;31:*.7z=01;31:*.rz=01;31:*.jpg=01;35:*.jpeg=01;35:*.gif=01;35:*.bmp=01;35:*.pbm=01;35:*.pgm=01;35:*.ppm=01;35:*.tga=01;35:*.xbm=01;35:*.xpm=01;35:*.tif=01;35:*.tiff=01;35:*.png=01;35:*.svg=01;35:*.svgz=01;35:*.mng=01;35:*.pcx=01;35:*.mov=01;35:*.mpg=01;35:*.mpeg=01;35:*.m2v=01;35:*.mkv=01;35:*.webm=01;35:*.ogm=01;35:*.mp4=01;35:*.m4v=01;35:*.mp4v=01;35:*.vob=01;35:*.qt=01;35:*.nuv=01;35:*.wmv=01;35:*.asf=01;35:*.rm=01;35:*.rmvb=01;35:*.flc=01;35:*.avi=01;35:*.fli=01;35:*.flv=01;35:*.gl=01;35:*.dl=01;35:*.xcf=01;35:*.xwd=01;35:*.yuv=01;35:*.cgm=01;35:*.emf=01;35:*.axv=01;35:*.anx=01;35:*.ogv=01;35:*.ogx=01;35:*.aac=00;36:*.au=00;36:*.flac=00;36:*.mid=00;36:*.midi=00;36:*.mka=00;36:*.mp3=00;36:*.mpc=00;36:*.ogg=00;36:*.ra=00;36:*.wav=00;36:*.axa=00;36:*.oga=00;36:*.spx=00;36:*.xspf=00;36:" />
    <property name="env.XDG_VTNR" value="7" />
    <property name="env.GVM_VERSION" value="2.1.0" />
    <property name="env.XDG_GREETER_DATA_DIR" value="/var/lib/lightdm-data/diego" />
    <property name="java.endorsed.dirs" value="/usr/lib/jvm/jdk1.6.0_45/jre/lib/endorsed" />
    <property name="env.LOGNAME" value="diego" />
    <property name="env.UBUNTU_MENUPROXY" value="1" />
    <property name="debuglevel" value="source,lines,vars" />
    <property name="env.XDG_SEAT" value="seat0" />
    <property name="ECLIPSE_HOME" value="../../ggts-bundle/ggts-3.6.0.RELEASE/" />
    <property name="env.SESSION_MANAGER" value="local/diego-acer:@/tmp/.ICE-unix/1991,unix/diego-acer:/tmp/.ICE-unix/1991" />
    <property name="sun.os.patch.level" value="unknown" />
    <property name="java.vendor.url" value="http://java.sun.com/" />
    <property name="env.GRAILS_HOME" value="/home/diego/.gvm/grails/current" />
    <property name="env.XDG_SEAT_PATH" value="/org/freedesktop/DisplayManager/Seat0" />
    <property name="env.MANDATORY_PATH" value="/usr/share/gconf/ubuntu.mandatory.path" />
    <property name="env.CRASH_HOME" value="/home/diego/.gvm/crash/current" />
    <property name="java.version" value="1.6.0_45" />
    <property name="env.GRIFFON_HOME" value="/home/diego/.gvm/griffon/current" />
    <property name="java.vendor.url.bug" value="http://java.sun.com/cgi-bin/bugreport.cgi" />
    <property name="env.LANGUAGE" value="es_AR:es" />
    <property name="env.XDG_MENU_PREFIX" value="gnome-" />
    <property name="ant.project.invoked-targets" value="AlgorithmTest" />
    <property name="env.XDG_DATA_DIRS" value="/usr/share/ubuntu:/usr/share/gnome:/usr/local/share/:/usr/share/" />
    <property name="env.GNOME_KEYRING_CONTROL" value="/run/user/1000/keyring-ftWwr3" />
    <property name="env.UPSTART_SESSION" value="unix:abstract=/com/ubuntu/upstart-session/1000/1837" />
    <property name="user.name" value="diego" />
    <property name="env.LANG" value="es_AR.UTF-8" />
    <property name="sun.io.unicode.encoding" value="UnicodeLittle" />
    <property name="sun.jnu.encoding" value="UTF-8" />
    <property name="env.DBUS_SESSION_BUS_ADDRESS" value="unix:abstract=/tmp/dbus-8qMFte5vEa" />
    <property name="java.runtime.name" value="Java(TM) SE Runtime Environment" />
    <property name="java.specification.name" value="Java Platform API Specification" />
    <property name="user.timezone" value="" />
    <property name="env.LESSOPEN" value="| /usr/bin/lesspipe %s" />
    <property name="path.separator" value=":" />
    <property name="env.XMODIFIERS" value="@im=ibus" />
    <property name="file.encoding" value="UTF-8" />
    <property name="ant.project.default-target" value="build" />
    <property name="env.HOME" value="/home/diego" />
    <property name="sun.java.command" value="org.apache.tools.ant.taskdefs.optional.junit.JUnitTestRunner test.AlgorithmTest skipNonTests=false filtertrace=true haltOnError=false haltOnFailure=false formatter=org.apache.tools.ant.taskdefs.optional.junit.OutErrSummaryJUnitResultFormatter showoutput=false outputtoformatters=true logfailedtests=true logtestlistenerevents=false formatter=org.apache.tools.ant.taskdefs.optional.junit.XMLJUnitResultFormatter,/home/diego/Desarrollo/workspace/JavaAlgorithmTest/junit/TEST-test.AlgorithmTest.xml crashfile=/home/diego/Desarrollo/workspace/JavaAlgorithmTest/junitvmwatcher4594854878720447395.properties propsfile=/home/diego/Desarrollo/workspace/JavaAlgorithmTest/junit3067679678328026576.properties" />
    <property name="ant.file" value="/home/diego/Desarrollo/workspace/JavaAlgorithmTest/build.xml" />
    <property name="env._" value="/usr/bin/ant" />
    <property name="java.io.tmpdir" value="/tmp" />
    <property name="env.GNOME_KEYRING_PID" value="1828" />
    <property name="user.language" value="es" />
    <property name="line.separator" value="&#xa;" />
    <property name="target" value="1.6" />
    <property name="ant.file.type" value="file" />
    <property name="env.SSH_AGENT_LAUNCHER" value="upstart" />
    <property name="env.SSH_AGENT_PID" value="1910" />
    <property name="env.CLUTTER_IM_MODULE" value="xim" />
    <property name="env.SPRINGBOOT_HOME" value="/home/diego/.gvm/springboot/current" />
    <property name="java.vm.info" value="mixed mode" />
    <property name="source" value="1.6" />
    <property name="env.GAIDEN_HOME" value="/home/diego/.gvm/gaiden/current" />
    <property name="sun.desktop" value="gnome" />
    <property name="java.vm.specification.name" value="Java Virtual Machine Specification" />
    <property name="env.COLORTERM" value="gnome-terminal" />
    <property name="env.TEXTDOMAIN" value="im-config" />
    <property name="env.IM_CONFIG_PHASE" value="1" />
    <property name="env.GDMSESSION" value="ubuntu" />
    <property name="java.awt.printerjob" value="sun.print.PSPrinterJob" />
    <property name="env.VTE_VERSION" value="3409" />
    <property name="env.DEFAULTS_PATH" value="/usr/share/gconf/ubuntu.default.path" />
    <property name="ant.version" value="Apache Ant(TM) version 1.9.3 compiled on April 8 2014" />
    <property name="env.WINDOWID" value="75497483" />
    <property name="ant.file.type.JavaAlgorithmTest" value="file" />
    <property name="env.COMPIZ_CONFIG_PROFILE" value="ubuntu" />
    <property name="env.XDG_SESSION_PATH" value="/org/freedesktop/DisplayManager/Session0" />
    <property name="env.JOB" value="dbus" />
    <property name="os.name" value="Linux" />
    <property name="java.specification.vendor" value="Sun Microsystems Inc." />
    <property name="env.GLIDE_HOME" value="/home/diego/.gvm/glide/current" />
    <property name="env.TERM" value="xterm" />
    <property name="java.vm.name" value="Java HotSpot(TM) 64-Bit Server VM" />
    <property name="env.QT_IM_MODULE" value="ibus" />
    <property name="java.library.path" value="/usr/lib/jvm/jdk1.6.0_45/jre/lib/amd64/server:/usr/lib/jvm/jdk1.6.0_45/jre/lib/amd64:/usr/lib/jvm/jdk1.6.0_45/jre/../lib/amd64:/usr/java/packages/lib/amd64:/usr/lib64:/lib64:/lib:/usr/lib" />
    <property name="env.PATH" value="/home/diego/.gvm/vertx/current/bin:/home/diego/.gvm/springboot/current/bin:/home/diego/.gvm/lazybones/current/bin:/home/diego/.gvm/jbake/current/bin:/home/diego/.gvm/groovyserv/current/bin:/home/diego/.gvm/groovy/current/bin:/home/diego/.gvm/griffon/current/bin:/home/diego/.gvm/grails/current/bin:/home/diego/.gvm/gradle/current/bin:/home/diego/.gvm/glide/current/bin:/home/diego/.gvm/gaiden/current/bin:/home/diego/.gvm/crash/current/bin:/usr/local/sbin:/usr/local/bin:/usr/sbin:/usr/bin:/sbin:/bin:/usr/games:/usr/local/games" />
    <property name="env.LESSCLOSE" value="/usr/bin/lesspipe %s %s" />
    <property name="ant.java.version" value="1.6" />
    <property name="env.TEXTDOMAINDIR" value="/usr/share/locale/" />
    <property name="basedir" value="/home/diego/Desarrollo/workspace/JavaAlgorithmTest" />
    <property name="java.class.version" value="50.0" />
    <property name="env.SHLVL" value="1" />
    <property name="env.LD_LIBRARY_PATH" value="/usr/lib/jvm/jdk1.6.0_45/jre/lib/amd64/server:/usr/lib/jvm/jdk1.6.0_45/jre/lib/amd64:/usr/lib/jvm/jdk1.6.0_45/jre/../lib/amd64" />
    <property name="ant.home" value="/usr/share/ant" />
    <property name="sun.boot.library.path" value="/usr/lib/jvm/jdk1.6.0_45/jre/lib/amd64" />
    <property name="sun.management.compiler" value="HotSpot 64-Bit Tiered Compilers" />
    <property name="java.awt.graphicsenv" value="sun.awt.X11GraphicsEnvironment" />
    <property name="env.USER" value="diego" />
    <property name="env.GTK_IM_MODULE" value="ibus" />
    <property name="env.GTK_MODULES" value="overlay-scrollbar:unity-gtk-module" />
    <property name="ant.project.name" value="JavaAlgorithmTest" />
    <property name="env.SESSIONTYPE" value="gnome-session" />
    <property name="java.vm.specification.version" value="1.0" />
    <property name="env.NLSPATH" value="/usr/dt/lib/nls/msg/%L/%N.cat" />
    <property name="env.LAZYBONES_HOME" value="/home/diego/.gvm/lazybones/current" />
    <property name="sun.cpu.isalist" value="" />
    <property name="env.COMPIZ_BIN_PATH" value="/usr/bin/" />
    <property name="env.GROOVY_HOME" value="/home/diego/.gvm/groovy/current" />
    <property name="java.ext.dirs" value="/usr/lib/jvm/jdk1.6.0_45/jre/lib/ext:/usr/java/packages/lib/ext" />
    <property name="os.version" value="3.13.0-37-generic" />
    <property name="env.QT_QPA_PLATFORMTHEME" value="appmenu-qt5" />
    <property name="user.home" value="/home/diego" />
    <property name="env.XDG_CURRENT_DESKTOP" value="Unity" />
    <property name="env.GVM_DIR" value="/home/diego/.gvm" />
    <property name="java.vm.vendor" value="Sun Microsystems Inc." />
    <property name="env.SESSION" value="ubuntu" />
    <property name="env.JAVA_HOME" value="/usr/lib/jvm/jdk1.6.0_45" />
    <property name="env.XDG_SESSION_ID" value="c2" />
    <property name="junit.output.dir" value="junit" />
    <property name="env.XAUTHORITY" value="/home/diego/.Xauthority" />
    <property name="user.dir" value="/home/diego/Desarrollo/workspace/JavaAlgorithmTest" />
    <property name="env.GVM_INIT" value="true" />
    <property name="env.XFILESEARCHPATH" value="/usr/dt/app-defaults/%L/Dt" />
    <property name="env.GVM_BROADCAST_SERVICE" value="http://cast.gvm.io" />
    <property name="env.PWD" value="/home/diego/Desarrollo/workspace/JavaAlgorithmTest" />
    <property name="sun.cpu.endian" value="little" />
    <property name="ant.file.JavaAlgorithmTest" value="/home/diego/Desarrollo/workspace/JavaAlgorithmTest/build.xml" />
    <property name="java.vm.version" value="20.45-b01" />
    <property name="java.class.path" value="/home/diego/Desarrollo/workspace/JavaAlgorithmTest/bin:/home/diego/Desarrollo/ggts-bundle/ggts-3.6.0.RELEASE/plugins/org.junit_4.11.0.v201303080030/junit.jar:/home/diego/Desarrollo/ggts-bundle/ggts-3.6.0.RELEASE/plugins/org.hamcrest.core_1.3.0.v201303031735.jar:/usr/share/java/ant-launcher-1.9.3.jar:/usr/share/ant/lib/ant.jar:/usr/share/ant/lib/ant-junit.jar:/usr/share/ant/lib/ant-junit4.jar" />
    <property name="ant.library.dir" value="/usr/share/ant/lib" />
    <property name="env.GVM_SERVICE" value="http://api.gvmtool.net" />
    <property name="os.arch" value="amd64" />
    <property name="sun.java.launcher" value="SUN_STANDARD" />
    <property name="ant.core.lib" value="/usr/share/ant/lib/ant.jar" />
    <property name="java.vm.specification.vendor" value="Sun Microsystems Inc." />
    <property name="file.separator" value="/" />
    <property name="java.runtime.version" value="1.6.0_45-b06" />
    <property name="env.SSH_AUTH_SOCK" value="/run/user/1000/keyring-ftWwr3/ssh" />
    <property name="sun.boot.class.path" value="/usr/lib/jvm/jdk1.6.0_45/jre/lib/resources.jar:/usr/lib/jvm/jdk1.6.0_45/jre/lib/rt.jar:/usr/lib/jvm/jdk1.6.0_45/jre/lib/sunrsasign.jar:/usr/lib/jvm/jdk1.6.0_45/jre/lib/jsse.jar:/usr/lib/jvm/jdk1.6.0_45/jre/lib/jce.jar:/usr/lib/jvm/jdk1.6.0_45/jre/lib/charsets.jar:/usr/lib/jvm/jdk1.6.0_45/jre/lib/modules/jdk.boot.jar:/usr/lib/jvm/jdk1.6.0_45/jre/classes" />
    <property name="env.QT4_IM_MODULE" value="xim" />
    <property name="env.XDG_CONFIG_DIRS" value="/etc/xdg/xdg-ubuntu:/usr/share/upstart/xdg:/etc/xdg" />
    <property name="env.XDG_RUNTIME_DIR" value="/run/user/1000" />
    <property name="user.country" value="AR" />
    <property name="env.SHELL" value="/bin/bash" />
    <property name="env.VERTX_HOME" value="/home/diego/.gvm/vertx/current" />
    <property name="env.INSTANCE" value="" />
    <property name="env.GVM_PLATFORM" value="Linux" />
    <property name="env.JBAKE_HOME" value="/home/diego/.gvm/jbake/current" />
    <property name="java.vendor" value="Sun Microsystems Inc." />
    <property name="env.GRADLE_HOME" value="/home/diego/.gvm/gradle/current" />
    <property name="env.GPG_AGENT_INFO" value="/run/user/1000/keyring-ftWwr3/gpg:0:1" />
    <property name="env.GROOVYSERV_HOME" value="/home/diego/.gvm/groovyserv/current" />
    <property name="java.specification.version" value="1.6" />
    <property name="sun.arch.data.model" value="64" />
    <property name="env.GNOME_DESKTOP_SESSION_ID" value="this-is-deprecated" />
  </properties>
  <testcase classname="test.AlgorithmTest" name="testEmptyLists" time="0.0010" />
  <testcase classname="test.AlgorithmTest" name="testRotateListSTRESSED" time="5.172" />
  <testcase classname="test.AlgorithmTest" name="testRotateArraySTRESSED" time="6.496" />
  <testcase classname="test.AlgorithmTest" name="testRotateList" time="0.0010" />
  <testcase classname="test.AlgorithmTest" name="testEmptyArrays" time="0.0010" />
  <testcase classname="test.AlgorithmTest" name="testRotateArrayWithArrayCopySTRESSED" time="4.934" />
  <testcase classname="test.AlgorithmTest" name="testEmptyArraysWithArrayCopy" time="0.0" />
  <testcase classname="test.AlgorithmTest" name="testRotateArray" time="0.0" />
  <testcase classname="test.AlgorithmTest" name="testRotateArrayWithArrayCopy" time="0.0" />
  <system-out><![CDATA[With List, it takes: 771 ms.
With Array, it takes: 670 ms.
With Array With arrayCopy(), it takes: 21 ms.
Rotating [Ljava.lang.Integer;@7f56b6b9 2 positions, Result: [Ljava.lang.Integer;@15f66cff
]]></system-out>
  <system-err><![CDATA[]]></system-err>
</testsuite>
